2026-05-28 15:44:43 INFO  [restartedMain] c.c.l.Logichain360Application:53 - Starting Logichain360Application using Java 21.0.8 with PID 2532 (C:\Users\2499401\Documents\LogiChain360\target\classes started by 2499401 in C:\Users\2499401\Documents\LogiChain360)
2026-05-28 15:44:43 INFO  [restartedMain] c.c.l.Logichain360Application:652 - No active profile set, falling back to 1 default profile: "default"
2026-05-28 15:44:43 INFO  [restartedMain] o.s.d.r.c.RepositoryConfigurationDelegate:145 - Bootstrapping Spring Data JPA repositories in DEFAULT mode.
2026-05-28 15:44:43 INFO  [restartedMain] o.s.d.r.c.RepositoryConfigurationDelegate:213 - Finished Spring Data repository scanning in 61 ms. Found 8 JPA repository interfaces.
2026-05-28 15:44:44 INFO  [restartedMain] o.s.b.w.e.t.TomcatWebServer:111 - Tomcat initialized with port 9095 (http)
2026-05-28 15:44:44 INFO  [restartedMain] o.a.c.c.StandardService:168 - Starting service [Tomcat]
2026-05-28 15:44:44 INFO  [restartedMain] o.a.c.c.StandardEngine:168 - Starting Servlet engine: [Apache Tomcat/10.1.54]
2026-05-28 15:44:44 INFO  [restartedMain] o.a.c.c.C.[.[.[/]:168 - Initializing Spring embedded WebApplicationContext
2026-05-28 15:44:44 INFO  [restartedMain] o.s.b.w.s.c.ServletWebServerApplicationContext:301 - Root WebApplicationContext: initialization completed in 907 ms
2026-05-28 15:44:44 INFO  [restartedMain] o.h.j.i.u.LogHelper:31 - HHH000204: Processing PersistenceUnitInfo [name: default]
2026-05-28 15:44:44 INFO  [restartedMain] o.h.c.i.RegionFactoryInitiator:50 - HHH000026: Second-level cache disabled
2026-05-28 15:44:44 INFO  [restartedMain] o.s.o.j.p.SpringPersistenceUnitInfo:87 - No LoadTimeWeaver setup: ignoring JPA class transformer
2026-05-28 15:44:44 INFO  [restartedMain] c.z.h.HikariDataSource:109 - HikariPool-2 - Starting...
2026-05-28 15:44:44 INFO  [restartedMain] c.z.h.p.HikariPool:580 - HikariPool-2 - Added connection com.mysql.cj.jdbc.ConnectionImpl@7e4c61d3
2026-05-28 15:44:44 INFO  [restartedMain] c.z.h.HikariDataSource:122 - HikariPool-2 - Start completed.
2026-05-28 15:44:44 INFO  [restartedMain] o.h.o.c.pooling:163 - HHH10001005: Database info:
	Database JDBC URL [Connecting through datasource 'HikariDataSource (HikariPool-2)']
	Database driver: undefined/unknown
	Database version: 8.0.45
	Autocommit mode: undefined/unknown
	Isolation level: undefined/unknown
	Minimum pool size: undefined/unknown
	Maximum pool size: undefined/unknown
2026-05-28 15:44:44 INFO  [restartedMain] o.h.e.t.j.p.i.JtaPlatformInitiator:59 - HHH000489: No JTA platform available (set 'hibernate.transaction.jta.platform' to enable JTA platform integration)
2026-05-28 15:44:44 INFO  [restartedMain] o.s.o.j.LocalContainerEntityManagerFactoryBean:447 - Initialized JPA EntityManagerFactory for persistence unit 'default'
2026-05-28 15:44:45 WARN  [restartedMain] o.s.b.a.o.j.JpaBaseConfiguration$JpaWebConfiguration:258 - spring.jpa.open-in-view is enabled by default. Therefore, database queries may be performed during view rendering. Explicitly configure spring.jpa.open-in-view to disable this warning
2026-05-28 15:44:45 WARN  [restartedMain] o.s.b.a.s.s.UserDetailsServiceAutoConfiguration:90 - 

Using generated security password: a5644b09-467d-4785-9e5f-25f59fc96f3e

This generated password is for development use only. Your security configuration must be updated before running your application in production.

2026-05-28 15:44:45 INFO  [restartedMain] o.s.s.c.a.a.c.InitializeUserDetailsBeanManagerConfigurer$InitializeUserDetailsManagerConfigurer:110 - Global AuthenticationManager configured with UserDetailsService bean with name inMemoryUserDetailsManager
2026-05-28 15:44:45 INFO  [restartedMain] o.s.b.d.a.OptionalLiveReloadServer:59 - LiveReload server is running on port 35729
2026-05-28 15:44:45 INFO  [restartedMain] o.s.b.w.e.t.TomcatWebServer:243 - Tomcat started on port 9095 (http) with context path '/'
2026-05-28 15:44:45 INFO  [restartedMain] c.c.l.Logichain360Application:59 - Started Logichain360Application in 2.29 seconds (process running for 68.736)
2026-05-28 15:44:45 WARN  [restartedMain] o.s.c.e.SpringDocAppInitializer:83 - SpringDoc /v3/api-docs endpoint is enabled by default. To disable it in production, set the property 'springdoc.api-docs.enabled=false'
2026-05-28 15:44:45 WARN  [restartedMain] o.s.c.e.SpringDocAppInitializer:83 - SpringDoc /swagger-ui.html endpoint is enabled by default. To disable it in production, set the property 'springdoc.swagger-ui.enabled=false'
2026-05-28 15:44:45 INFO  [restartedMain] o.s.b.d.a.ConditionEvaluationDeltaLoggingListener:63 - Condition evaluation unchanged
2026-05-28 15:44:50 INFO  [File Watcher] o.s.b.d.a.LocalDevToolsAutoConfiguration$RestartingClassPathChangeChangedEventListener:211 - Restarting due to 1 class path change (0 additions, 0 deletions, 1 modification)
2026-05-28 15:44:50 INFO  [Thread-7] o.s.b.w.e.t.GracefulShutdown:54 - Commencing graceful shutdown. Waiting for active requests to complete
2026-05-28 15:44:51 INFO  [tomcat-shutdown] o.s.b.w.e.t.GracefulShutdown:76 - Graceful shutdown complete
2026-05-28 15:44:51 INFO  [Thread-7] o.s.o.j.LocalContainerEntityManagerFactoryBean:660 - Closing JPA EntityManagerFactory for persistence unit 'default'
2026-05-28 15:44:51 INFO  [Thread-7] c.z.h.HikariDataSource:349 - HikariPool-2 - Shutdown initiated...
2026-05-28 15:44:51 INFO  [Thread-7] c.z.h.HikariDataSource:351 - HikariPool-2 - Shutdown completed.
2026-05-28 15:45:02 INFO  [restartedMain] c.c.l.Logichain360Application:53 - Starting Logichain360Application using Java 21.0.8 with PID 2532 (C:\Users\2499401\Documents\LogiChain360\target\classes started by 2499401 in C:\Users\2499401\Documents\LogiChain360)
2026-05-28 15:45:02 INFO  [restartedMain] c.c.l.Logichain360Application:652 - No active profile set, falling back to 1 default profile: "default"
2026-05-28 15:45:03 INFO  [restartedMain] o.s.d.r.c.RepositoryConfigurationDelegate:145 - Bootstrapping Spring Data JPA repositories in DEFAULT mode.
2026-05-28 15:45:03 INFO  [restartedMain] o.s.d.r.c.RepositoryConfigurationDelegate:213 - Finished Spring Data repository scanning in 121 ms. Found 8 JPA repository interfaces.
2026-05-28 15:45:03 INFO  [restartedMain] o.s.b.w.e.t.TomcatWebServer:111 - Tomcat initialized with port 9095 (http)
2026-05-28 15:45:03 INFO  [restartedMain] o.a.c.c.StandardService:168 - Starting service [Tomcat]
2026-05-28 15:45:03 INFO  [restartedMain] o.a.c.c.StandardEngine:168 - Starting Servlet engine: [Apache Tomcat/10.1.54]
2026-05-28 15:45:04 INFO  [restartedMain] o.a.c.c.C.[.[.[/]:168 - Initializing Spring embedded WebApplicationContext
2026-05-28 15:45:04 INFO  [restartedMain] o.s.b.w.s.c.ServletWebServerApplicationContext:301 - Root WebApplicationContext: initialization completed in 1488 ms
2026-05-28 15:45:04 INFO  [restartedMain] o.h.j.i.u.LogHelper:31 - HHH000204: Processing PersistenceUnitInfo [name: default]
2026-05-28 15:45:04 INFO  [restartedMain] o.h.c.i.RegionFactoryInitiator:50 - HHH000026: Second-level cache disabled
2026-05-28 15:45:04 INFO  [restartedMain] o.s.o.j.p.SpringPersistenceUnitInfo:87 - No LoadTimeWeaver setup: ignoring JPA class transformer
2026-05-28 15:45:04 INFO  [restartedMain] c.z.h.HikariDataSource:109 - HikariPool-3 - Starting...
2026-05-28 15:45:04 INFO  [restartedMain] c.z.h.p.HikariPool:580 - HikariPool-3 - Added connection com.mysql.cj.jdbc.ConnectionImpl@27ed395c
2026-05-28 15:45:04 INFO  [restartedMain] c.z.h.HikariDataSource:122 - HikariPool-3 - Start completed.
2026-05-28 15:45:04 INFO  [restartedMain] o.h.o.c.pooling:163 - HHH10001005: Database info:
	Database JDBC URL [Connecting through datasource 'HikariDataSource (HikariPool-3)']
	Database driver: undefined/unknown
	Database version: 8.0.45
	Autocommit mode: undefined/unknown
	Isolation level: undefined/unknown
	Minimum pool size: undefined/unknown
	Maximum pool size: undefined/unknown
2026-05-28 15:45:04 INFO  [restartedMain] o.h.e.t.j.p.i.JtaPlatformInitiator:59 - HHH000489: No JTA platform available (set 'hibernate.transaction.jta.platform' to enable JTA platform integration)
2026-05-28 15:45:04 INFO  [restartedMain] o.s.o.j.LocalContainerEntityManagerFactoryBean:447 - Initialized JPA EntityManagerFactory for persistence unit 'default'
2026-05-28 15:45:05 WARN  [restartedMain] o.s.b.a.o.j.JpaBaseConfiguration$JpaWebConfiguration:258 - spring.jpa.open-in-view is enabled by default. Therefore, database queries may be performed during view rendering. Explicitly configure spring.jpa.open-in-view to disable this warning
2026-05-28 15:45:05 WARN  [restartedMain] o.s.b.a.s.s.UserDetailsServiceAutoConfiguration:90 - 

Using generated security password: 9fb93b5a-a587-4698-9af1-72effc1a82cb

This generated password is for development use only. Your security configuration must be updated before running your application in production.

2026-05-28 15:45:05 INFO  [restartedMain] o.s.s.c.a.a.c.InitializeUserDetailsBeanManagerConfigurer$InitializeUserDetailsManagerConfigurer:110 - Global AuthenticationManager configured with UserDetailsService bean with name inMemoryUserDetailsManager
2026-05-28 15:45:05 INFO  [restartedMain] o.s.b.d.a.OptionalLiveReloadServer:59 - LiveReload server is running on port 35729
2026-05-28 15:45:05 INFO  [restartedMain] o.s.b.w.e.t.TomcatWebServer:243 - Tomcat started on port 9095 (http) with context path '/'
2026-05-28 15:45:05 INFO  [restartedMain] c.c.l.Logichain360Application:59 - Started Logichain360Application in 2.948 seconds (process running for 88.909)
2026-05-28 15:45:05 WARN  [restartedMain] o.s.c.e.SpringDocAppInitializer:83 - SpringDoc /v3/api-docs endpoint is enabled by default. To disable it in production, set the property 'springdoc.api-docs.enabled=false'
2026-05-28 15:45:05 WARN  [restartedMain] o.s.c.e.SpringDocAppInitializer:83 - SpringDoc /swagger-ui.html endpoint is enabled by default. To disable it in production, set the property 'springdoc.swagger-ui.enabled=false'
2026-05-28 15:45:05 INFO  [restartedMain] o.s.b.d.a.ConditionEvaluationDeltaLoggingListener:63 - Condition evaluation unchanged
2026-05-28 15:45:11 INFO  [http-nio-9095-exec-1] o.a.c.c.C.[.[.[/]:168 - Initializing Spring DispatcherServlet 'dispatcherServlet'
2026-05-28 15:45:11 INFO  [http-nio-9095-exec-1] o.s.w.s.DispatcherServlet:532 - Initializing Servlet 'dispatcherServlet'
2026-05-28 15:45:11 INFO  [http-nio-9095-exec-1] o.s.w.s.DispatcherServlet:554 - Completed initialization in 15 ms
2026-05-28 15:45:48 INFO  [RMI TCP Connection(14)-127.0.0.1] o.s.b.a.SpringApplicationAdminMXBeanRegistrar$SpringApplicationAdmin:159 - Application shutdown requested.
2026-05-28 15:45:48 INFO  [RMI TCP Connection(14)-127.0.0.1] o.s.b.w.e.t.GracefulShutdown:54 - Commencing graceful shutdown. Waiting for active requests to complete
2026-05-28 15:45:48 INFO  [tomcat-shutdown] o.s.b.w.e.t.GracefulShutdown:76 - Graceful shutdown complete
2026-05-28 15:45:48 INFO  [RMI TCP Connection(14)-127.0.0.1] o.s.o.j.LocalContainerEntityManagerFactoryBean:660 - Closing JPA EntityManagerFactory for persistence unit 'default'
2026-05-28 15:45:48 INFO  [RMI TCP Connection(14)-127.0.0.1] c.z.h.HikariDataSource:349 - HikariPool-3 - Shutdown initiated...
2026-05-28 15:45:48 INFO  [RMI TCP Connection(14)-127.0.0.1] c.z.h.HikariDataSource:351 - HikariPool-3 - Shutdown completed.
